Feb 01 20:25 : update: added /Mr.Kitty - After Dark.mp3
Feb 01 20:26 : mixer: Failed to read mixer for 'MySound': no such mixer control: PCM
Feb 01 20:27 : exception: Not playing
Feb 01 20:27 : mixer: Failed to read mixer for 'MySound': no such mixer control: PCM
Feb 01 20:27 : output: Failed to open mixer for 'MySound': no such mixer control: PCM
Feb 01 20:28 : player: played "Mr.Kitty - After Dark.mp3"
Feb 01 20:39 : output: Failed to open mixer for 'MySound': no such mixer control: PCM
Feb 01 20:43 : player: played "Mr.Kitty - After Dark.mp3"
Feb 01 20:47 : output: Failed to open mixer for 'MySound': no such mixer control: PCM
Feb 01 20:55 : player: played "Mr.Kitty - After Dark.mp3"
Feb 01 20:57 : mixer: Failed to read mixer for 'MySound': no such mixer control: PCM
Feb 01 21:02 : output: Failed to open mixer for 'MySound': no such mixer control: PCM
Feb 01 21:04 : output: Failed to open mixer for 'MySound': no such mixer control: PCM
Feb 01 21:07 : output: Failed to open mixer for 'MySound': no such mixer control: PCM
Feb 01 21:08 : player: played "Mr.Kitty - After Dark.mp3"
Feb 01 21:08 : output: Failed to open mixer for 'MySound': no such mixer control: PCM
Feb 01 21:09 : player: played "Mr.Kitty - After Dark.mp3"
Feb 01 21:09 : output: Failed to open mixer for 'MySound': no such mixer control: PCM
Feb 01 21:09 : player: played "Mr.Kitty - After Dark.mp3"
Feb 01 21:10 : output: Failed to open mixer for 'MySound': no such mixer control: PCM
Feb 01 21:11 : output: Failed to open mixer for 'MySound': no such mixer control: PCM
Feb 01 21:11 : player: played "Mr.Kitty - After Dark.mp3"
Feb 01 21:11 : mixer: Failed to read mixer for 'MySound': no such mixer control: PCM
Feb 01 21:11 : output: Failed to open mixer for 'MySound': no such mixer control: PCM
Feb 01 21:12 : exception: No such directory
Feb 01 21:12 : exception: No such directory
Feb 01 21:12 : exception: No such directory
Feb 01 21:12 : exception: No such directory
Feb 01 21:12 : exception: No such directory
Feb 01 21:12 : exception: No such directory
Feb 01 21:12 : exception: No such directory
Feb 01 21:12 : exception: No such directory
Feb 01 21:12 : exception: No such directory
Feb 01 21:12 : exception: No such directory
Feb 01 21:12 : exception: No such directory
Feb 01 21:12 : exception: No such directory
Feb 01 21:12 : exception: No such directory
Feb 01 21:12 : exception: No such directory
Feb 01 21:12 : exception: No such directory
Feb 01 21:12 : update: added /macklemore_x_ryan_lewis_can_t_hold_us_southend_revolution_remix.mp3
Feb 01 21:12 : update: added /MONTERO_x_My_Ordinary_Life_Lil_Nas_(getmp3.pro).mp3
Feb 01 21:12 : update: updating /Mr.Kitty - After Dark.mp3
Feb 01 21:12 : update: added /no_love_-6930434439795501278.mp3
Feb 01 21:12 : update: added /TANDEM-7OH2_(getmp3.pro).mp3
Feb 01 21:12 : update: added /PlayaPhonk-keraunos_s_l_o_w_e_d_r_(getmp3.pro).mp3
Feb 01 21:12 : update: added /NF_-_The_Search_Bass_Boosted_(getmp3.pro).mp3
Feb 01 21:12 : update: added /chl_e_have_mercy_dance_break_remix_6695163458815575733.mp3
Feb 01 21:12 : update: added /this_could_be_us_slowedreverb__(getmp3.pro).mp3
Feb 01 21:12 : update: updating /macklemore_x_ryan_lewis_can_t_hold_us_southend_revolution_remix.mp3
Feb 01 21:12 : update: updating /MONTERO_x_My_Ordinary_Life_Lil_Nas_(getmp3.pro).mp3
Feb 01 21:12 : update: updating /Mr.Kitty - After Dark.mp3
Feb 01 21:12 : update: updating /no_love_-6930434439795501278.mp3
Feb 01 21:12 : update: updating /TANDEM-7OH2_(getmp3.pro).mp3
Feb 01 21:12 : update: updating /PlayaPhonk-keraunos_s_l_o_w_e_d_r_(getmp3.pro).mp3
Feb 01 21:12 : update: updating /NF_-_The_Search_Bass_Boosted_(getmp3.pro).mp3
Feb 01 21:12 : update: updating /chl_e_have_mercy_dance_break_remix_6695163458815575733.mp3
Feb 01 21:12 : update: updating /this_could_be_us_slowedreverb__(getmp3.pro).mp3
Feb 01 21:13 : update: updating /macklemore_x_ryan_lewis_can_t_hold_us_southend_revolution_remix.mp3
Feb 01 21:13 : update: updating /MONTERO_x_My_Ordinary_Life_Lil_Nas_(getmp3.pro).mp3
Feb 01 21:13 : update: updating /Mr.Kitty - After Dark.mp3
Feb 01 21:13 : update: updating /no_love_-6930434439795501278.mp3
Feb 01 21:13 : update: updating /TANDEM-7OH2_(getmp3.pro).mp3
Feb 01 21:13 : update: updating /PlayaPhonk-keraunos_s_l_o_w_e_d_r_(getmp3.pro).mp3
Feb 01 21:13 : update: updating /NF_-_The_Search_Bass_Boosted_(getmp3.pro).mp3
Feb 01 21:13 : update: updating /chl_e_have_mercy_dance_break_remix_6695163458815575733.mp3
Feb 01 21:13 : update: updating /this_could_be_us_slowedreverb__(getmp3.pro).mp3
Feb 01 21:13 : output: Failed to open mixer for 'MySound': no such mixer control: PCM
Feb 01 21:13 : output: Failed to open mixer for 'MySound': no such mixer control: PCM
Feb 01 21:14 : output: Failed to open mixer for 'MySound': no such mixer control: PCM
Feb 01 21:14 : player: played "Mr.Kitty - After Dark.mp3"
Feb 01 21:14 : output: Failed to open mixer for 'MySound': no such mixer control: PCM
Feb 01 21:14 : output: Failed to open mixer for 'MySound': no such mixer control: PCM
Feb 01 21:14 : output: Failed to open mixer for 'MySound': no such mixer control: PCM
Feb 01 21:14 : output: Failed to open mixer for 'MySound': no such mixer control: PCM
Feb 01 21:15 : output: Failed to open mixer for 'MySound': no such mixer control: PCM
Feb 01 21:16 : output: Failed to open mixer for 'MySound': no such mixer control: PCM
Feb 01 21:16 : player: played "macklemore_x_ryan_lewis_can_t_hold_us_southend_revolution_remix.mp3"
Feb 01 21:16 : output: Failed to open mixer for 'MySound': no such mixer control: PCM
Feb 01 21:16 : output: Failed to open mixer for 'MySound': no such mixer control: PCM
Feb 01 21:16 : output: Failed to open mixer for 'MySound': no such mixer control: PCM
Feb 01 21:16 : player: played "Mr.Kitty - After Dark.mp3"
Feb 01 21:20 : mixer: Failed to read mixer for 'MySound': no such mixer control: PCM
Feb 01 21:20 : output: Failed to open mixer for 'MySound': no such mixer control: PCM
Feb 01 21:24 : player: played "Mr.Kitty - After Dark.mp3"
Feb 01 21:24 : alsa_output: Decoder is too slow; playing silence to avoid xrun
Feb 01 21:24 : output: Failed to open mixer for 'MySound': no such mixer control: PCM
Feb 01 21:24 : output: Failed to open mixer for 'MySound': no such mixer control: PCM
Feb 01 21:24 : output: Failed to open mixer for 'MySound': no such mixer control: PCM
Feb 01 21:24 : output: Failed to open mixer for 'MySound': no such mixer control: PCM
Feb 01 21:24 : player: played "NF_-_The_Search_Bass_Boosted_(getmp3.pro).mp3"
Feb 01 21:24 : output: Failed to open mixer for 'MySound': no such mixer control: PCM
Feb 01 21:25 : exception: Access denied
Feb 01 21:25 : exception: Access denied
Feb 01 21:25 : exception: Access denied
Feb 01 21:25 : exception: Access denied
Feb 01 21:25 : exception: Access denied
Feb 01 21:25 : exception: Access denied
Feb 01 21:26 : output: Failed to open mixer for 'MySound': no such mixer control: PCM
Feb 01 21:26 : output: Failed to open mixer for 'MySound': no such mixer control: PCM
Feb 01 21:26 : output: Failed to open mixer for 'MySound': no such mixer control: PCM
Feb 01 21:28 : player: played "MONTERO_x_My_Ordinary_Life_Lil_Nas_(getmp3.pro).mp3"
Feb 01 21:28 : output: Failed to open mixer for 'MySound': no such mixer control: PCM
Feb 01 21:28 : output: Failed to open mixer for 'MySound': no such mixer control: PCM
Feb 01 21:28 : output: Failed to open mixer for 'MySound': no such mixer control: PCM
Feb 01 21:28 : output: Failed to open mixer for 'MySound': no such mixer control: PCM
Feb 01 21:28 : output: Failed to open mixer for 'MySound': no such mixer control: PCM
Feb 01 21:28 : update: updating /macklemore_x_ryan_lewis_can_t_hold_us_southend_revolution_remix.mp3
Feb 01 21:28 : update: updating /MONTERO_x_My_Ordinary_Life_Lil_Nas_(getmp3.pro).mp3
Feb 01 21:28 : update: updating /Mr.Kitty - After Dark.mp3
Feb 01 21:28 : update: updating /no_love_-6930434439795501278.mp3
Feb 01 21:28 : update: updating /TANDEM-7OH2_(getmp3.pro).mp3
Feb 01 21:28 : update: updating /PlayaPhonk-keraunos_s_l_o_w_e_d_r_(getmp3.pro).mp3
Feb 01 21:28 : update: updating /NF_-_The_Search_Bass_Boosted_(getmp3.pro).mp3
Feb 01 21:28 : update: updating /chl_e_have_mercy_dance_break_remix_6695163458815575733.mp3
Feb 01 21:28 : update: updating /this_could_be_us_slowedreverb__(getmp3.pro).mp3
Feb 01 21:29 : output: Failed to open mixer for 'MySound': no such mixer control: PCM
Feb 01 21:29 : output: Failed to open mixer for 'MySound': no such mixer control: PCM
Feb 01 21:29 : output: Failed to open mixer for 'MySound': no such mixer control: PCM
Feb 01 21:29 : player: played "macklemore_x_ryan_lewis_can_t_hold_us_southend_revolution_remix.mp3"
Feb 01 21:29 : output: Failed to open mixer for 'MySound': no such mixer control: PCM
Feb 01 21:29 : output: Failed to open mixer for 'MySound': no such mixer control: PCM
Feb 01 21:30 : alsa_output: Decoder is too slow; playing silence to avoid xrun
Feb 01 21:31 : output: Failed to open mixer for 'MySound': no such mixer control: PCM
Feb 01 21:31 : output: Failed to open mixer for 'MySound': no such mixer control: PCM
Feb 01 21:31 : player: played "TANDEM-7OH2_(getmp3.pro).mp3"
Feb 01 21:32 : exception: Not playing
Feb 01 21:32 : mixer: Failed to read mixer for 'MySound': no such mixer control: PCM
Feb 01 21:32 : exception: Not playing
Feb 01 21:33 : mixer: Failed to read mixer for 'MySound': no such mixer control: PCM
Feb 01 21:37 : mixer: Failed to read mixer for 'MySound': no such mixer control: PCM
Feb 01 21:37 : update: updating /macklemore_x_ryan_lewis_can_t_hold_us_southend_revolution_remix.mp3
Feb 01 21:37 : update: updating /MONTERO_x_My_Ordinary_Life_Lil_Nas_(getmp3.pro).mp3
Feb 01 21:37 : update: updating /Mr.Kitty - After Dark.mp3
Feb 01 21:37 : update: updating /no_love_-6930434439795501278.mp3
Feb 01 21:37 : update: updating /TANDEM-7OH2_(getmp3.pro).mp3
Feb 01 21:37 : update: updating /PlayaPhonk-keraunos_s_l_o_w_e_d_r_(getmp3.pro).mp3
Feb 01 21:37 : update: updating /NF_-_The_Search_Bass_Boosted_(getmp3.pro).mp3
Feb 01 21:37 : update: updating /chl_e_have_mercy_dance_break_remix_6695163458815575733.mp3
Feb 01 21:37 : update: updating /this_could_be_us_slowedreverb__(getmp3.pro).mp3
Feb 01 21:38 : exception: Not playing
Feb 01 21:38 : exception: Not playing
Feb 01 21:42 : mixer: Failed to read mixer for 'MySound': no such mixer control: PCM
Feb 01 21:42 : exception: Not playing
Feb 01 21:42 : exception: Not playing
Feb 01 21:42 : exception: Not playing
Feb 01 21:42 : exception: Not playing
Feb 02 08:55 : mixer: Failed to read mixer for 'MySound': no such mixer control: PCM
Feb 02 08:55 : update: removing chl_e_have_mercy_dance_break_remix_6695163458815575733.mp3
Feb 02 08:55 : update: removing MONTERO_x_My_Ordinary_Life_Lil_Nas_(getmp3.pro).mp3
Feb 02 08:55 : update: removing macklemore_x_ryan_lewis_can_t_hold_us_southend_revolution_remix.mp3
Feb 02 08:55 : update: removing NF_-_The_Search_Bass_Boosted_(getmp3.pro).mp3
Feb 02 08:55 : update: removing Mr.Kitty - After Dark.mp3
Feb 02 08:55 : update: removing PlayaPhonk-keraunos_s_l_o_w_e_d_r_(getmp3.pro).mp3
Feb 02 08:55 : update: removing no_love_-6930434439795501278.mp3
Feb 02 08:55 : update: removing TANDEM-7OH2_(getmp3.pro).mp3
Feb 02 08:55 : update: removing this_could_be_us_slowedreverb__(getmp3.pro).mp3
Feb 02 08:57 : update: added /Davrst_ZHIOHN_(getmp3.pro).mp3
Feb 02 08:58 : update: updating /Davrst_ZHIOHN_(getmp3.pro).mp3
Feb 02 08:58 : exception: Not playing
Feb 02 09:02 : output: Failed to open mixer for 'MySound': no such mixer control: PCM
Feb 02 09:02 : player: played "Davrst_ZHIOHN_(getmp3.pro).mp3"
Feb 02 09:02 : output: Failed to open mixer for 'MySound': no such mixer control: PCM
Feb 02 09:04 : update: added /macklemore_x_ryan_lewis_can_t_hold_us_southend_revolution_remix.mp3
Feb 02 09:04 : update: added /MONTERO_x_My_Ordinary_Life_Lil_Nas_(getmp3.pro).mp3
Feb 02 09:04 : update: added /sex_whales_fraxo_-_dead_to_me__(getmp3.pro).mp3
Feb 02 09:04 : update: added /Dirty_Rush_Gregor_Es_-_Brass_Ali_(getmp3.pro).mp3
Feb 02 09:04 : update: added /Agni_Kai_Trap_Remix_Musicality_(getmp3.pro).mp3
Feb 02 09:04 : update: added /Flo_Rida_-_GDFR_K_Theory_Remix_(getmp3.pro).mp3
Feb 02 09:04 : update: added /dvrst_close_eyes_-956432796429220004.mp3
Feb 02 09:04 : update: added /Elley_Duh_-_Middle_of_the_Night_L_(getmp3.pro).mp3
Feb 02 09:04 : update: added /LoveCPR_Full_CPR_x_LoveGame_Remix_(getmp3.pro).mp3
Feb 02 09:04 : update: added /DavrstZHIOHN.mp3
Feb 02 09:04 : update: added /Blackbear-hot_girl_bummer_tik_tok_(getmp3.pro).mp3
Feb 02 09:04 : update: added /Glass_Animals_-_Heat_Waves_Slowed_(getmp3.pro).mp3
Feb 02 09:04 : update: added /Jaymes_Young_-_Infinity_Lyrics_(getmp3.pro).mp3
Feb 02 09:04 : update: added /in_heat_but_its_actually_suicide_ye_(getmp3.pro).mp3
Feb 02 09:04 : update: added /SHAME_Ghost_Edit_OUT_NOW__(getmp3.pro).mp3
Feb 02 09:04 : update: added /Doja_Cat_-_Boss_Bitch_Lyrics_(getmp3.pro).mp3
Feb 02 09:04 : update: added /DMNDS_Fallen_Roses_-_Calabria__(getmp3.pro).mp3
Feb 02 09:04 : update: added /TANDEM-7OH2_(getmp3.pro).mp3
Feb 02 09:04 : update: added /sucker_for_pain_-_imagine_dragons__(getmp3.pro).mp3
Feb 02 09:04 : update: added /PlayaPhonk-keraunos_s_l_o_w_e_d_r_(getmp3.pro).mp3
Feb 02 09:04 : update: added /Aero_Chord_feat_DDARK_-_Shootin_St_(getmp3.pro).mp3
Feb 02 09:04 : update: added /Mike_Williams_x_Dastic_-_Kylie_(getmp3.pro).mp3
Feb 02 09:04 : update: added /Industry_Baby_x_Beat_It_-_Michael_J_(getmp3.pro).mp3
Feb 02 09:04 : update: added /God_knows_how_many_times_I_have_wat_(getmp3.pro).mp3
Feb 02 09:04 : update: added /Jaymes_Young_-_Infinity_Lyrics_(getmp3.pro)(1).mp3
Feb 02 09:04 : update: added /Imagine_Dragons_JID_-_Enemy_Lyric_(getmp3.pro).mp3
Feb 02 09:04 : update: added /til_i_collapse_-_eminem_slowed__(getmp3.pro).mp3
Feb 02 09:04 : update: added /IShowSpeed_-_Shake_Lyrics_ready_(getmp3.pro).mp3
Feb 02 09:04 : update: added /KILLKA_-_Ghostface_Playa_fkbambam_(getmp3.pro).mp3
Feb 02 09:04 : update: added /Linius_Kordas_-_Black_Bimmer_KEA_(getmp3.pro).mp3
Feb 02 09:05 : update: removing Aero_Chord_feat_DDARK_-_Shootin_St_(getmp3.pro).mp3
Feb 02 09:05 : update: removing Davrst_ZHIOHN_(getmp3.pro).mp3
Feb 02 09:05 : update: removing Agni_Kai_Trap_Remix_Musicality_(getmp3.pro).mp3
Feb 02 09:05 : update: added /AgniKaiTrapRemixMusicalitygetmp3pro.mp3
Feb 02 09:05 : update: added /AeroChordfeatDDARKShootinStgetmp3.pro.mp3
Feb 02 09:05 : output: Failed to open mixer for 'MySound': no such mixer control: PCM
Feb 02 09:07 : output: Failed to open mixer for 'MySound': no such mixer control: PCM
Feb 02 09:22 : output: Failed to open mixer for 'MySound': no such mixer control: PCM
Feb 02 09:22 : player: played "Imagine_Dragons_JID_-_Enemy_Lyric_(getmp3.pro).mp3"
Feb 02 09:29 : mixer: Failed to read mixer for 'MySound': no such mixer control: PCM
Feb 02 09:29 : output: Failed to open mixer for 'MySound': no such mixer control: PCM
Feb 02 09:35 : player: played "DMNDS_Fallen_Roses_-_Calabria__(getmp3.pro).mp3"
Feb 02 09:36 : output: Failed to open mixer for 'MySound': no such mixer control: PCM
Feb 02 09:39 : player: played "Doja_Cat_-_Boss_Bitch_Lyrics_(getmp3.pro).mp3"
Feb 02 09:39 : output: Failed to open mixer for 'MySound': no such mixer control: PCM
Feb 02 09:42 : player: played "Elley_Duh_-_Middle_of_the_Night_L_(getmp3.pro).mp3"
Feb 02 09:44 : output: Failed to open mixer for 'MySound': no such mixer control: PCM
Feb 02 10:37 : output: Failed to open mixer for 'MySound': no such mixer control: PCM
Feb 02 10:39 : alsa_output: Decoder is too slow; playing silence to avoid xrun
Feb 02 10:40 : player: played "in_heat_but_its_actually_suicide_ye_(getmp3.pro).mp3"
Feb 02 10:40 : output: Failed to flush filter on "MySound" (alsa): snd_pcm_writei() failed: Broken pipe
Feb 02 10:40 : output: Failed to open mixer for 'MySound': no such mixer control: PCM
Feb 02 11:41 : player: played "dvrst_close_eyes_-956432796429220004.mp3"
Feb 02 11:51 : mixer: Failed to read mixer for 'MySound': no such mixer control: PCM
Feb 02 11:51 : output: Failed to open mixer for 'MySound': no such mixer control: PCM
Feb 02 11:53 : player: played "dvrst_close_eyes_-956432796429220004.mp3"
Feb 02 11:53 : output: Failed to open mixer for 'MySound': no such mixer control: PCM
Feb 02 11:56 : player: played "Blackbear-hot_girl_bummer_tik_tok_(getmp3.pro).mp3"
Feb 02 12:01 : output: Failed to open mixer for 'MySound': no such mixer control: PCM
Feb 02 12:04 : update: removing Dirty_Rush_Gregor_Es_-_Brass_Ali_(getmp3.pro).mp3
Feb 02 12:04 : update: removing Flo_Rida_-_GDFR_K_Theory_Remix_(getmp3.pro).mp3
Feb 02 12:04 : update: removing Elley_Duh_-_Middle_of_the_Night_L_(getmp3.pro).mp3
Feb 02 12:04 : update: removing dvrst_close_eyes_-956432796429220004.mp3
Feb 02 12:04 : update: removing DMNDS_Fallen_Roses_-_Calabria__(getmp3.pro).mp3
Feb 02 12:04 : update: removing Glass_Animals_-_Heat_Waves_Slowed_(getmp3.pro).mp3
Feb 02 12:04 : update: removing Doja_Cat_-_Boss_Bitch_Lyrics_(getmp3.pro).mp3
Feb 02 12:04 : update: removing Jaymes_Young_-_Infinity_Lyrics_(getmp3.pro)(1).mp3
Feb 02 12:04 : update: added /Dirty-RushGregorEsBrassAligetmp3.pro.mp3
Feb 02 12:04 : update: added /ElleyDuh-MiddleoftheNightLgetmp3.pro.mp3
Feb 02 12:04 : update: added /dvrst-closeeyes.mp3
Feb 02 12:04 : update: added /DMNDSFallenRoses-Calabriagetmp3.pro.mp3
Feb 02 12:04 : update: added /Doja_Cat-BossBitchLyricsgetmp3.pro.mp3
Feb 02 12:04 : update: added /GlassAnimals-HeatWavesSlowedgetmp3.mp3
Feb 02 12:04 : update: added /FloRida-GDFRKTheoryRemixgetmp3.pro.mp3
Feb 02 12:05 : output: Failed to open mixer for 'MySound': no such mixer control: PCM
Feb 02 12:05 : output: Failed to open mixer for 'MySound': no such mixer control: PCM
Feb 02 12:38 : output: Failed to open mixer for 'MySound': no such mixer control: PCM
Feb 02 12:39 : output: Failed to open mixer for 'MySound': no such mixer control: PCM
Feb 02 12:39 : output: Failed to open mixer for 'MySound': no such mixer control: PCM
Feb 02 15:00 : output: Failed to open mixer for 'MySound': no such mixer control: PCM
Feb 02 17:20 : output: Failed to open mixer for 'MySound': no such mixer control: PCM
Feb 02 17:20 : exception: Failed to decode /home/nicu/Music/Flo_Rida_-_GDFR_K_Theory_Remix_(getmp3.pro).mp3; Failed to open '/home/nicu/Music/Flo_Rida_-_GDFR_K_Theory_Remix_(getmp3.pro).mp3': No such file or directory
Feb 02 17:20 : player: played "Flo_Rida_-_GDFR_K_Theory_Remix_(getmp3.pro).mp3"
Feb 02 17:20 : exception: Failed to decode /home/nicu/Music/Flo_Rida_-_GDFR_K_Theory_Remix_(getmp3.pro).mp3; Failed to open '/home/nicu/Music/Flo_Rida_-_GDFR_K_Theory_Remix_(getmp3.pro).mp3': No such file or directory
Feb 02 17:20 : output: Failed to open mixer for 'MySound': no such mixer control: PCM
Feb 02 17:20 : output: Failed to open mixer for 'MySound': no such mixer control: PCM
Feb 02 17:21 : output: Failed to open mixer for 'MySound': no such mixer control: PCM
Feb 02 17:23 : player: played "DavrstZHIOHN.mp3"
Feb 02 17:24 : output: Failed to open mixer for 'MySound': no such mixer control: PCM
Feb 02 18:11 : output: Failed to open mixer for 'MySound': no such mixer control: PCM
Feb 02 18:39 : output: Failed to open mixer for 'MySound': no such mixer control: PCM
Feb 02 18:41 : update: added /dvrst_close_eyes_-956432796429220004.mp3
Feb 02 18:41 : update: added /Elley_Duh_-_Middle_of_the_Night_L_(getmp3.pro).mp3
Feb 02 18:41 : update: added /Mr.Kitty - After Dark.mp3
Feb 02 18:41 : update: added /Davrst_ZHIOHN_(getmp3.pro).mp3
Feb 02 18:41 : update: added /Aero-Chord.mp3
Feb 02 18:41 : update: added /no_love_-6930434439795501278.mp3
Feb 02 18:41 : update: added /NF_-_The_Search_Bass_Boosted_(getmp3.pro).mp3
Feb 02 18:41 : update: added /chl_e_have_mercy_dance_break_remix_6695163458815575733.mp3
Feb 02 18:41 : update: added /this_could_be_us_slowedreverb__(getmp3.pro).mp3
Feb 02 18:56 : output: Failed to open mixer for 'MySound': no such mixer control: PCM
Feb 02 18:59 : player: played "in_heat_but_its_actually_suicide_ye_(getmp3.pro).mp3"
Feb 02 18:59 : output: Failed to open mixer for 'MySound': no such mixer control: PCM
Feb 02 19:03 : player: played "Jaymes_Young_-_Infinity_Lyrics_(getmp3.pro).mp3"
Feb 02 19:03 : output: Failed to open mixer for 'MySound': no such mixer control: PCM
Feb 02 19:05 : player: played "Industry_Baby_x_Beat_It_-_Michael_J_(getmp3.pro).mp3"
Feb 02 19:05 : output: Failed to open mixer for 'MySound': no such mixer control: PCM
Feb 02 19:10 : player: played "sex_whales_fraxo_-_dead_to_me__(getmp3.pro).mp3"
Feb 02 19:38 : player: played "Imagine_Dragons_JID_-_Enemy_Lyric_(getmp3.pro).mp3"
Feb 02 20:18 : mixer: Failed to read mixer for 'MySound': no such mixer control: PCM
Feb 02 20:18 : output: Failed to open mixer for 'MySound': no such mixer control: PCM
Feb 02 20:55 : player: played "TANDEM-7OH2_(getmp3.pro).mp3"
Feb 02 22:17 : mixer: Failed to read mixer for 'MySound': no such mixer control: PCM
Feb 02 22:17 : output: Failed to open mixer for 'MySound': no such mixer control: PCM
Feb 02 22:21 : player: played "Linius_Kordas_-_Black_Bimmer_KEA_(getmp3.pro).mp3"
Feb 02 22:22 : output: Failed to open mixer for 'MySound': no such mixer control: PCM
Feb 02 23:01 : player: played "sex_whales_fraxo_-_dead_to_me__(getmp3.pro).mp3"
Feb 03 09:51 : mixer: Failed to read mixer for 'MySound': no such mixer control: PCM
Feb 03 09:51 : output: Failed to open mixer for 'MySound': no such mixer control: PCM
Feb 03 09:55 : output: Failed to open mixer for 'MySound': no such mixer control: PCM
Feb 03 09:58 : output: Failed to open mixer for 'MySound': no such mixer control: PCM
Feb 03 09:59 : output: Failed to open mixer for 'MySound': no such mixer control: PCM
Feb 03 09:59 : player: played "sucker_for_pain_-_imagine_dragons__(getmp3.pro).mp3"
Feb 03 09:59 : output: Failed to open mixer for 'MySound': no such mixer control: PCM
Feb 03 09:59 : output: Failed to open mixer for 'MySound': no such mixer control: PCM
Feb 03 09:59 : output: Failed to open mixer for 'MySound': no such mixer control: PCM
Feb 03 09:59 : output: Failed to open mixer for 'MySound': no such mixer control: PCM
Feb 03 09:59 : output: Failed to open mixer for 'MySound': no such mixer control: PCM
Feb 03 09:59 : output: Failed to open mixer for 'MySound': no such mixer control: PCM
Feb 03 09:59 : output: Failed to open mixer for 'MySound': no such mixer control: PCM
Feb 03 09:59 : output: Failed to open mixer for 'MySound': no such mixer control: PCM
Feb 03 09:59 : output: Failed to open mixer for 'MySound': no such mixer control: PCM
Feb 03 09:59 : output: Failed to open mixer for 'MySound': no such mixer control: PCM
Feb 03 09:59 : output: Failed to open mixer for 'MySound': no such mixer control: PCM
Feb 03 09:59 : output: Failed to open mixer for 'MySound': no such mixer control: PCM
Feb 03 09:59 : output: Failed to open mixer for 'MySound': no such mixer control: PCM
Feb 03 09:59 : output: Failed to open mixer for 'MySound': no such mixer control: PCM
Feb 03 09:59 : output: Failed to open mixer for 'MySound': no such mixer control: PCM
Feb 03 09:59 : output: Failed to open mixer for 'MySound': no such mixer control: PCM
Feb 03 09:59 : output: Failed to open mixer for 'MySound': no such mixer control: PCM
Feb 03 09:59 : output: Failed to open mixer for 'MySound': no such mixer control: PCM
Feb 03 09:59 : output: Failed to open mixer for 'MySound': no such mixer control: PCM
Feb 03 09:59 : player: played "sucker_for_pain_-_imagine_dragons__(getmp3.pro).mp3"
Feb 03 10:01 : output: Failed to open mixer for 'MySound': no such mixer control: PCM
Feb 03 10:01 : player: played "Mike_Williams_x_Dastic_-_Kylie_(getmp3.pro).mp3"
Feb 03 10:01 : output: Failed to open mixer for 'MySound': no such mixer control: PCM
Feb 03 10:01 : output: Failed to open mixer for 'MySound': no such mixer control: PCM
Feb 03 10:01 : output: Failed to open mixer for 'MySound': no such mixer control: PCM
Feb 03 10:01 : output: Failed to open mixer for 'MySound': no such mixer control: PCM
Feb 03 10:01 : output: Failed to open mixer for 'MySound': no such mixer control: PCM
Feb 03 10:01 : output: Failed to open mixer for 'MySound': no such mixer control: PCM
Feb 03 10:01 : output: Failed to open mixer for 'MySound': no such mixer control: PCM
Feb 03 10:01 : output: Failed to open mixer for 'MySound': no such mixer control: PCM
Feb 03 10:01 : output: Failed to open mixer for 'MySound': no such mixer control: PCM
Feb 03 10:01 : output: Failed to open mixer for 'MySound': no such mixer control: PCM
Feb 03 10:01 : output: Failed to open mixer for 'MySound': no such mixer control: PCM
Feb 03 10:01 : output: Failed to open mixer for 'MySound': no such mixer control: PCM
Feb 03 10:01 : output: Failed to open mixer for 'MySound': no such mixer control: PCM
Feb 03 10:01 : output: Failed to open mixer for 'MySound': no such mixer control: PCM
Feb 03 10:01 : output: Failed to open mixer for 'MySound': no such mixer control: PCM
Feb 03 10:01 : output: Failed to open mixer for 'MySound': no such mixer control: PCM
Feb 03 10:01 : output: Failed to open mixer for 'MySound': no such mixer control: PCM
Feb 03 10:01 : output: Failed to open mixer for 'MySound': no such mixer control: PCM
Feb 03 10:01 : output: Failed to open mixer for 'MySound': no such mixer control: PCM
Feb 03 10:01 : output: Failed to open mixer for 'MySound': no such mixer control: PCM
Feb 03 10:01 : output: Failed to open mixer for 'MySound': no such mixer control: PCM
Feb 03 10:01 : player: played "Blackbear-hot_girl_bummer_tik_tok_(getmp3.pro).mp3"
Feb 03 10:01 : exception: Not playing
Feb 03 10:01 : exception: Not playing
Feb 03 10:01 : output: Failed to open mixer for 'MySound': no such mixer control: PCM
Feb 03 10:01 : output: Failed to open mixer for 'MySound': no such mixer control: PCM
Feb 03 10:01 : output: Failed to open mixer for 'MySound': no such mixer control: PCM
Feb 03 10:01 : output: Failed to open mixer for 'MySound': no such mixer control: PCM
Feb 03 10:01 : output: Failed to open mixer for 'MySound': no such mixer control: PCM
Feb 03 10:01 : output: Failed to open mixer for 'MySound': no such mixer control: PCM
Feb 03 10:01 : output: Failed to open mixer for 'MySound': no such mixer control: PCM
Feb 03 10:01 : player: played "Blackbear-hot_girl_bummer_tik_tok_(getmp3.pro).mp3"
Feb 03 10:01 : exception: Not playing
Feb 03 10:01 : exception: Not playing
Feb 03 10:01 : exception: Not playing
Feb 03 10:01 : exception: Not playing
Feb 03 10:01 : exception: Not playing
Feb 03 10:01 : exception: Not playing
Feb 03 10:01 : exception: Not playing
Feb 03 10:01 : exception: Not playing
Feb 03 10:01 : exception: Not playing
Feb 03 10:01 : exception: Not playing
Feb 03 10:01 : exception: Not playing
Feb 03 10:01 : exception: Not playing
Feb 03 10:01 : exception: Not playing
Feb 03 10:01 : exception: Not playing
Feb 03 10:01 : exception: Not playing
Feb 03 10:01 : exception: Not playing
Feb 03 10:01 : exception: Not playing
Feb 03 10:01 : exception: Not playing
Feb 03 10:01 : exception: Not playing
Feb 03 10:01 : exception: Not playing
Feb 03 10:01 : exception: Not playing
Feb 03 10:01 : exception: Not playing
Feb 03 10:01 : exception: Not playing
Feb 03 10:01 : exception: Not playing
Feb 03 10:01 : exception: Not playing
Feb 03 10:01 : exception: Not playing
Feb 03 10:01 : exception: Not playing
Feb 03 10:01 : exception: Not playing
Feb 03 10:01 : exception: Not playing
Feb 03 10:01 : exception: Not playing
Feb 03 10:01 : exception: Not playing
Feb 03 10:01 : exception: Not playing
Feb 03 10:01 : exception: Not playing
Feb 03 10:01 : exception: Not playing
Feb 03 10:01 : exception: Not playing
Feb 03 10:01 : exception: Not playing
Feb 03 10:01 : exception: Not playing
Feb 03 10:01 : exception: Not playing
Feb 03 10:01 : exception: Not playing
Feb 03 10:01 : exception: Not playing
Feb 03 10:01 : exception: Not playing
Feb 03 10:01 : exception: Not playing
Feb 03 10:01 : exception: Not playing
Feb 03 10:01 : exception: Not playing
Feb 03 10:01 : exception: Not playing
Feb 03 10:01 : exception: Not playing
Feb 03 10:01 : exception: Not playing
Feb 03 10:01 : exception: Not playing
Feb 03 10:01 : exception: Not playing
Feb 03 10:01 : exception: Not playing
Feb 03 10:01 : exception: Not playing
Feb 03 10:01 : exception: Not playing
Feb 03 10:01 : output: Failed to open mixer for 'MySound': no such mixer control: PCM
Feb 03 10:01 : output: Failed to open mixer for 'MySound': no such mixer control: PCM
Feb 03 10:01 : output: Failed to open mixer for 'MySound': no such mixer control: PCM
Feb 03 10:01 : output: Failed to open mixer for 'MySound': no such mixer control: PCM
Feb 03 10:01 : output: Failed to open mixer for 'MySound': no such mixer control: PCM
Feb 03 10:01 : output: Failed to open mixer for 'MySound': no such mixer control: PCM
Feb 03 10:01 : output: Failed to open mixer for 'MySound': no such mixer control: PCM
Feb 03 10:01 : output: Failed to open mixer for 'MySound': no such mixer control: PCM
Feb 03 10:01 : output: Failed to open mixer for 'MySound': no such mixer control: PCM
Feb 03 10:01 : output: Failed to open mixer for 'MySound': no such mixer control: PCM
Feb 03 10:01 : output: Failed to open mixer for 'MySound': no such mixer control: PCM
Feb 03 10:01 : output: Failed to open mixer for 'MySound': no such mixer control: PCM
Feb 03 10:01 : output: Failed to open mixer for 'MySound': no such mixer control: PCM
Feb 03 10:02 : player: played "sucker_for_pain_-_imagine_dragons__(getmp3.pro).mp3"
Feb 03 10:02 : output: Failed to open mixer for 'MySound': no such mixer control: PCM
Feb 03 10:02 : output: Failed to open mixer for 'MySound': no such mixer control: PCM
Feb 03 10:02 : output: Failed to open mixer for 'MySound': no such mixer control: PCM
Feb 03 10:02 : output: Failed to open mixer for 'MySound': no such mixer control: PCM
Feb 03 10:09 : output: Failed to open mixer for 'MySound': no such mixer control: PCM
Feb 03 10:09 : output: Failed to open mixer for 'MySound': no such mixer control: PCM
Feb 03 10:09 : player: played "Blackbear-hot_girl_bummer_tik_tok_(getmp3.pro).mp3"
Feb 03 10:09 : exception: Not playing
Feb 03 10:09 : exception: Not playing
Feb 03 10:09 : exception: Not playing
Feb 03 10:09 : exception: Not playing
Feb 03 10:09 : exception: Not playing
Feb 03 10:09 : output: Failed to open mixer for 'MySound': no such mixer control: PCM
Feb 03 10:09 : output: Failed to open mixer for 'MySound': no such mixer control: PCM
Feb 03 10:09 : output: Failed to open mixer for 'MySound': no such mixer control: PCM
Feb 03 10:09 : output: Failed to open mixer for 'MySound': no such mixer control: PCM
Feb 03 10:09 : output: Failed to open mixer for 'MySound': no such mixer control: PCM
Feb 03 10:09 : output: Failed to open mixer for 'MySound': no such mixer control: PCM
Feb 03 10:09 : player: played "macklemore_x_ryan_lewis_can_t_hold_us_southend_revolution_remix.mp3"
Feb 03 10:11 : exception: Not playing
Feb 03 10:11 : exception: Not playing
Feb 03 10:11 : exception: Not playing
Feb 03 10:11 : exception: Not playing
Feb 03 10:11 : exception: Not playing
Feb 03 10:11 : exception: Not playing
Feb 03 10:11 : exception: Not playing
Feb 03 10:11 : exception: Not playing
Feb 03 10:11 : exception: Not playing
Feb 03 10:11 : exception: Not playing
Feb 03 10:11 : exception: Not playing
Feb 03 10:11 : exception: Not playing
Feb 03 10:11 : exception: Not playing
Feb 03 10:11 : exception: Not playing
Feb 03 10:11 : exception: Not playing
Feb 03 10:11 : exception: Not playing
Feb 03 10:11 : output: Failed to open mixer for 'MySound': no such mixer control: PCM
Feb 03 10:11 : output: Failed to open mixer for 'MySound': no such mixer control: PCM
Feb 03 10:11 : output: Failed to open mixer for 'MySound': no such mixer control: PCM
Feb 03 10:11 : output: Failed to open mixer for 'MySound': no such mixer control: PCM
Feb 03 10:11 : output: Failed to open mixer for 'MySound': no such mixer control: PCM
Feb 03 10:11 : output: Failed to open mixer for 'MySound': no such mixer control: PCM
Feb 03 10:11 : output: Failed to open mixer for 'MySound': no such mixer control: PCM
Feb 03 10:11 : output: Failed to open mixer for 'MySound': no such mixer control: PCM
Feb 03 10:11 : player: played "Blackbear-hot_girl_bummer_tik_tok_(getmp3.pro).mp3"
Feb 03 10:24 : output: Failed to open mixer for 'MySound': no such mixer control: PCM
Feb 03 10:24 : output: Failed to open mixer for 'MySound': no such mixer control: PCM
Feb 03 10:24 : output: Failed to open mixer for 'MySound': no such mixer control: PCM
Feb 03 10:24 : output: Failed to open mixer for 'MySound': no such mixer control: PCM
Feb 03 10:24 : output: Failed to open mixer for 'MySound': no such mixer control: PCM
Feb 03 10:24 : output: Failed to open mixer for 'MySound': no such mixer control: PCM
Feb 03 10:24 : output: Failed to open mixer for 'MySound': no such mixer control: PCM
Feb 03 10:24 : output: Failed to open mixer for 'MySound': no such mixer control: PCM
Feb 03 10:24 : output: Failed to open mixer for 'MySound': no such mixer control: PCM
Feb 03 10:24 : output: Failed to open mixer for 'MySound': no such mixer control: PCM
Feb 03 10:24 : output: Failed to open mixer for 'MySound': no such mixer control: PCM
Feb 03 10:24 : output: Failed to open mixer for 'MySound': no such mixer control: PCM
Feb 03 10:24 : output: Failed to open mixer for 'MySound': no such mixer control: PCM
Feb 03 10:24 : output: Failed to open mixer for 'MySound': no such mixer control: PCM
Feb 03 10:24 : output: Failed to open mixer for 'MySound': no such mixer control: PCM
Feb 03 10:24 : output: Failed to open mixer for 'MySound': no such mixer control: PCM
Feb 03 12:14 : output: Failed to open mixer for 'MySound': no such mixer control: PCM
Feb 03 12:56 : output: Failed to open mixer for 'MySound': no such mixer control: PCM
Feb 03 13:25 : player: played "Blackbear-hot_girl_bummer_tik_tok_(getmp3.pro).mp3"
Feb 03 13:40 : mixer: Failed to read mixer for 'MySound': no such mixer control: PCM
Feb 03 13:41 : player: played "Blackbear-hot_girl_bummer_tik_tok_(getmp3.pro).mp3"
